<?xml version="1.0" encoding="UTF-8"?>
<!-- Generated by org.testng.reporters.JUnitReportReporter -->
<testsuite hostname="Sirajs-MacBook-Air.local" failures="0" tests="1" name="RestApiTests.TC003_GoogleMapGetResponse" time="2.421" errors="0" timestamp="2020-03-12T13:56:59 EDT" skipped="0">
  <testcase classname="RestApiTests.TC003_GoogleMapGetResponse" name="verifyResponseOfGoogleMap" time="2.421"/>
  <system-out/>
</testsuite> <!-- RestApiTests.TC003_GoogleMapGetResponse -->
